<?xml version="1.0" encoding="UTF-8"?>
<!-- Generated by org.testng.reporters.JUnitXMLReporter -->
<testsuite ignored="0" hostname="SRAINA-NB" failures="1" tests="3" name="Test" time="0.073" errors="0" timestamp="2022-11-18T10:00:19 CET">
  <testcase classname="com.testng.tests.TestNGTests.Test_ListenersFromXML" name="test" time="0.019">
    <failure type="java.lang.AssertionError" message="expected [false] but found [true]">
      <![CDATA[java.lang.AssertionError: expected [false] but found [true]
at com.testng.tests.TestNGTests.Test_ListenersFromXML.test(Test_ListenersFromXML.java:12)
at java.base/java.util.ArrayList.forEach(ArrayList.java:1511)
... Removed 31 stack frames]]>
    </failure>
  </testcase> <!-- test -->
  <testcase classname="com.testng.tests.TestNGTests.Test_ListenersFromXML" name="test1" time="0.001"/>
  <testcase classname="com.testng.tests.TestNGTests.Test_ListenersFromXML" name="test2" time="0.0">
    <skipped/>
  </testcase> <!-- test2 -->
</testsuite> <!-- Test -->
